Started by user [8mha:////4IgUx4ntmWZclV+7uhee+Hw4/COH0HI+Ed3EGXApSJKBAAAAlx+LCAAAAAAAAP9b85aBtbiIQTGjNKU4P08vOT+vOD8nVc83PyU1x6OyILUoJzMv2y+/JJUBAhiZGBgqihhk0NSjKDWzXb3RdlLBUSYGJk8GtpzUvPSSDB8G5tKinBIGIZ+sxLJE/ZzEvHT94JKizLx0a6BxUmjGOUNodHsLgAzWEgZu/dLi1CL9gsS8lEQACjKVYMAAAAA=[0mPanda
Running as SYSTEM
Building in workspace /var/jenkins_home/workspace/CI
The recommended git tool is: NONE
No credentials specified
 > git rev-parse --is-inside-work-tree # timeout=10
Fetching changes from the remote Git repository
 > git config remote.origin.url https://github.com/Matiochnl/panda_application.git # timeout=10
Fetching upstream changes from https://github.com/Matiochnl/panda_application.git
 > git --version # timeout=10
 > git --version # 'git version 2.20.1'
 > git fetch --tags --force --progress -- https://github.com/Matiochnl/panda_application.git +refs/heads/*:refs/remotes/origin/* # timeout=10
 > git rev-parse origin/master^{commit} # timeout=10
Checking out Revision 2042acf1d24394947573adf3cfe583b4db22b838 (origin/master)
 > git config core.sparsecheckout # timeout=10
 > git checkout -f 2042acf1d24394947573adf3cfe583b4db22b838 # timeout=10
Commit message: "pom test"
 > git rev-list --no-walk 2042acf1d24394947573adf3cfe583b4db22b838 # timeout=10
using settings config with name MavenSettings
Replacing all maven server entries not found in credentials list is true
[CI] $ /var/jenkins_home/tools/hudson.tasks.Maven_MavenInstallation/M363/bin/mvn -s /tmp/settings9729106402876173423.xml deploy
[INFO] Scanning for projects...
[INFO] 
[INFO] --------------------------< pl.pandait:panda >--------------------------
[INFO] Building panda 0.0.1
[INFO] --------------------------------[ jar ]---------------------------------
[INFO] 
[8mha:////4CVulVSEnXDVfNHZMieDS8qoBOm5NQaV0NKTziZsI5tUAAAAYB+LCAAAAAAAAP9b85aBtbiIQSmjNKU4P0+vJLE4u1gvPjexLDVPzxdEGvvmZ+X75ZekLlOVfvTjc8FPJgaGiiIGKaiG5Py84vycVD1nCA1SyAABjCCFBQCV27OjYAAAAA==[0m[INFO] --- maven-resources-plugin:3.1.0:resources (default-resources) @ panda ---
[INFO] Using 'UTF-8' encoding to copy filtered resources.
[INFO] Copying 1 resource
[INFO] Copying 2 resources
[INFO] 
[8mha:////4CVulVSEnXDVfNHZMieDS8qoBOm5NQaV0NKTziZsI5tUAAAAYB+LCAAAAAAAAP9b85aBtbiIQSmjNKU4P0+vJLE4u1gvPjexLDVPzxdEGvvmZ+X75ZekLlOVfvTjc8FPJgaGiiIGKaiG5Py84vycVD1nCA1SyAABjCCFBQCV27OjYAAAAA==[0m[INFO] --- maven-compiler-plugin:3.8.1:compile (default-compile) @ panda ---
[INFO] Changes detected - recompiling the module!
[INFO] Compiling 2 source files to /var/jenkins_home/workspace/CI/target/classes
[INFO] 
[8mha:////4CVulVSEnXDVfNHZMieDS8qoBOm5NQaV0NKTziZsI5tUAAAAYB+LCAAAAAAAAP9b85aBtbiIQSmjNKU4P0+vJLE4u1gvPjexLDVPzxdEGvvmZ+X75ZekLlOVfvTjc8FPJgaGiiIGKaiG5Py84vycVD1nCA1SyAABjCCFBQCV27OjYAAAAA==[0m[INFO] --- maven-resources-plugin:3.1.0:testResources (default-testResources) @ panda ---
[INFO] Using 'UTF-8' encoding to copy filtered resources.
[INFO] skip non existing resourceDirectory /var/jenkins_home/workspace/CI/src/test/resources
[INFO] 
[8mha:////4CVulVSEnXDVfNHZMieDS8qoBOm5NQaV0NKTziZsI5tUAAAAYB+LCAAAAAAAAP9b85aBtbiIQSmjNKU4P0+vJLE4u1gvPjexLDVPzxdEGvvmZ+X75ZekLlOVfvTjc8FPJgaGiiIGKaiG5Py84vycVD1nCA1SyAABjCCFBQCV27OjYAAAAA==[0m[INFO] --- maven-compiler-plugin:3.8.1:testCompile (default-testCompile) @ panda ---
[INFO] Changes detected - recompiling the module!
[INFO] Compiling 1 source file to /var/jenkins_home/workspace/CI/target/test-classes
[INFO] 
[8mha:////4CVulVSEnXDVfNHZMieDS8qoBOm5NQaV0NKTziZsI5tUAAAAYB+LCAAAAAAAAP9b85aBtbiIQSmjNKU4P0+vJLE4u1gvPjexLDVPzxdEGvvmZ+X75ZekLlOVfvTjc8FPJgaGiiIGKaiG5Py84vycVD1nCA1SyAABjCCFBQCV27OjYAAAAA==[0m[INFO] --- maven-surefire-plugin:2.22.2:test (default-test) @ panda ---
[INFO] 
[INFO] -------------------------------------------------------
[INFO]  T E S T S
[INFO] -------------------------------------------------------
[INFO] Running pl.pandait.panda.PandaApplicationTests
20:30:11.756 [main] DEBUG org.springframework.test.context.BootstrapUtils - Instantiating CacheAwareContextLoaderDelegate from class [org.springframework.test.context.cache.DefaultCacheAwareContextLoaderDelegate]
20:30:11.772 [main] DEBUG org.springframework.test.context.BootstrapUtils - Instantiating BootstrapContext using constructor [public org.springframework.test.context.support.DefaultBootstrapContext(java.lang.Class,org.springframework.test.context.CacheAwareContextLoaderDelegate)]
20:30:11.812 [main] DEBUG org.springframework.test.context.BootstrapUtils - Instantiating TestContextBootstrapper for test class [pl.pandait.panda.PandaApplicationTests] from class [org.springframework.boot.test.context.SpringBootTestContextBootstrapper]
20:30:11.834 [main] INFO org.springframework.boot.test.context.SpringBootTestContextBootstrapper - Neither @ContextConfiguration nor @ContextHierarchy found for test class [pl.pandait.panda.PandaApplicationTests], using SpringBootContextLoader
20:30:11.841 [main] DEBUG org.springframework.test.context.support.AbstractContextLoader - Did not detect default resource location for test class [pl.pandait.panda.PandaApplicationTests]: class path resource [pl/pandait/panda/PandaApplicationTests-context.xml] does not exist
20:30:11.842 [main] DEBUG org.springframework.test.context.support.AbstractContextLoader - Did not detect default resource location for test class [pl.pandait.panda.PandaApplicationTests]: class path resource [pl/pandait/panda/PandaApplicationTestsContext.groovy] does not exist
20:30:11.843 [main] INFO org.springframework.test.context.support.AbstractContextLoader - Could not detect default resource locations for test class [pl.pandait.panda.PandaApplicationTests]: no resource found for suffixes {-context.xml, Context.groovy}.
20:30:11.844 [main] INFO org.springframework.test.context.support.AnnotationConfigContextLoaderUtils - Could not detect default configuration classes for test class [pl.pandait.panda.PandaApplicationTests]: PandaApplicationTests does not declare any static, non-private, non-final, nested classes annotated with @Configuration.
20:30:11.889 [main] DEBUG org.springframework.test.context.support.ActiveProfilesUtils - Could not find an 'annotation declaring class' for annotation type [org.springframework.test.context.ActiveProfiles] and class [pl.pandait.panda.PandaApplicationTests]
20:30:11.978 [main] DEBUG org.springframework.context.annotation.ClassPathScanningCandidateComponentProvider - Identified candidate component class: file [/var/jenkins_home/workspace/CI/target/classes/pl/pandait/panda/PandaApplication.class]
20:30:11.980 [main] INFO org.springframework.boot.test.context.SpringBootTestContextBootstrapper - Found @SpringBootConfiguration pl.pandait.panda.PandaApplication for test class pl.pandait.panda.PandaApplicationTests
20:30:12.112 [main] DEBUG org.springframework.boot.test.context.SpringBootTestContextBootstrapper - @TestExecutionListeners is not present for class [pl.pandait.panda.PandaApplicationTests]: using defaults.
20:30:12.113 [main] INFO org.springframework.boot.test.context.SpringBootTestContextBootstrapper - Loaded default TestExecutionListener class names from location [META-INF/spring.factories]: [org.springframework.boot.test.mock.mockito.MockitoTestExecutionListener, org.springframework.boot.test.mock.mockito.ResetMocksTestExecutionListener, org.springframework.boot.test.autoconfigure.restdocs.RestDocsTestExecutionListener, org.springframework.boot.test.autoconfigure.web.client.MockRestServiceServerResetTestExecutionListener, org.springframework.boot.test.autoconfigure.web.servlet.MockMvcPrintOnlyOnFailureTestExecutionListener, org.springframework.boot.test.autoconfigure.web.servlet.WebDriverTestExecutionListener, org.springframework.test.context.web.ServletTestExecutionListener, org.springframework.test.context.support.DirtiesContextBeforeModesTestExecutionListener, org.springframework.test.context.support.DependencyInjectionTestExecutionListener, org.springframework.test.context.support.DirtiesContextTestExecutionListener, org.springframework.test.context.transaction.TransactionalTestExecutionListener, org.springframework.test.context.jdbc.SqlScriptsTestExecutionListener, org.springframework.test.context.event.EventPublishingTestExecutionListener]
20:30:12.148 [main] DEBUG org.springframework.boot.test.context.SpringBootTestContextBootstrapper - Skipping candidate TestExecutionListener [org.springframework.test.context.transaction.TransactionalTestExecutionListener] due to a missing dependency. Specify custom listener classes or make the default listener classes and their required dependencies available. Offending class: [org/springframework/transaction/interceptor/TransactionAttributeSource]
20:30:12.152 [main] DEBUG org.springframework.boot.test.context.SpringBootTestContextBootstrapper - Skipping candidate TestExecutionListener [org.springframework.test.context.jdbc.SqlScriptsTestExecutionListener] due to a missing dependency. Specify custom listener classes or make the default listener classes and their required dependencies available. Offending class: [org/springframework/transaction/interceptor/TransactionAttribute]
20:30:12.152 [main] INFO org.springframework.boot.test.context.SpringBootTestContextBootstrapper - Using TestExecutionListeners: [org.springframework.test.context.web.ServletTestExecutionListener@59f63e24, org.springframework.test.context.support.DirtiesContextBeforeModesTestExecutionListener@61f05988, org.springframework.boot.test.mock.mockito.MockitoTestExecutionListener@7ca33c24, org.springframework.boot.test.autoconfigure.SpringBootDependencyInjectionTestExecutionListener@fade1fc, org.springframework.test.context.support.DirtiesContextTestExecutionListener@67c2e933, org.springframework.test.context.event.EventPublishingTestExecutionListener@41dd05a, org.springframework.boot.test.mock.mockito.ResetMocksTestExecutionListener@613a8ee1, org.springframework.boot.test.autoconfigure.restdocs.RestDocsTestExecutionListener@178213b, org.springframework.boot.test.autoconfigure.web.client.MockRestServiceServerResetTestExecutionListener@7103cb56, org.springframework.boot.test.autoconfigure.web.servlet.MockMvcPrintOnlyOnFailureTestExecutionListener@1b765a2c, org.springframework.boot.test.autoconfigure.web.servlet.WebDriverTestExecutionListener@2e8e8225]
20:30:12.161 [main] DEBUG org.springframework.test.context.support.AbstractDirtiesContextTestExecutionListener - Before test class: context [DefaultTestContext@2dd80673 testClass = PandaApplicationTests, testInstance = [null], testMethod = [null], testException = [null], mergedContextConfiguration = [WebMergedContextConfiguration@4af0df05 testClass = PandaApplicationTests, locations = '{}', classes = '{class pl.pandait.panda.PandaApplication}', contextInitializerClasses = '[]', activeProfiles = '{}', propertySourceLocations = '{}', propertySourceProperties = '{org.springframework.boot.test.context.SpringBootTestContextBootstrapper=true}', contextCustomizers = set[org.springframework.boot.test.context.filter.ExcludeFilterContextCustomizer@3e2055d6, org.springframework.boot.test.json.DuplicateJsonObjectContextCustomizerFactory$DuplicateJsonObjectContextCustomizer@50f6ac94, org.springframework.boot.test.mock.mockito.MockitoContextCustomizer@0, org.springframework.boot.test.web.client.TestRestTemplateContextCustomizer@78fa769e, org.springframework.boot.test.autoconfigure.properties.PropertyMappingContextCustomizer@0, org.springframework.boot.test.autoconfigure.web.servlet.WebDriverContextCustomizerFactory$Customizer@1169afe1], resourceBasePath = 'src/main/webapp', contextLoader = 'org.springframework.boot.test.context.SpringBootContextLoader', parent = [null]], attributes = map['org.springframework.test.context.web.ServletTestExecutionListener.activateListener' -> true]], class annotated with @DirtiesContext [false] with mode [null].
20:30:12.229 [main] DEBUG org.springframework.test.context.support.TestPropertySourceUtils - Adding inlined properties to environment: {spring.jmx.enabled=false, org.springframework.boot.test.context.SpringBootTestContextBootstrapper=true, server.port=-1}

  .   ____          _            __ _ _
 /\\ / ___'_ __ _ _(_)_ __  __ _ \ \ \ \
( ( )\___ | '_ | '_| | '_ \/ _` | \ \ \ \
 \\/  ___)| |_)| | | | | || (_| |  ) ) ) )
  '  |____| .__|_| |_|_| |_\__, | / / / /
 =========|_|==============|___/=/_/_/_/
 :: Spring Boot ::        (v2.2.4.RELEASE)

2020-11-15 20:30:12.603  INFO 1050 --- [           main] pl.pandait.panda.PandaApplicationTests   : Starting PandaApplicationTests on 5ad8d52afeba with PID 1050 (started by jenkins in /var/jenkins_home/workspace/CI)
2020-11-15 20:30:12.605  INFO 1050 --- [           main] pl.pandait.panda.PandaApplicationTests   : No active profile set, falling back to default profiles: default
2020-11-15 20:30:14.311  INFO 1050 --- [           main] o.s.s.concurrent.ThreadPoolTaskExecutor  : Initializing ExecutorService 'applicationTaskExecutor'
2020-11-15 20:30:14.386  INFO 1050 --- [           main] o.s.b.a.w.s.WelcomePageHandlerMapping    : Adding welcome page: class path resource [static/index.html]
2020-11-15 20:30:14.554  INFO 1050 --- [           main] pl.pandait.panda.PandaApplicationTests   : Started PandaApplicationTests in 2.308 seconds (JVM running for 3.807)
[INFO] Tests run: 1, Failures: 0, Errors: 0, Skipped: 0, Time elapsed: 3.463 s - in pl.pandait.panda.PandaApplicationTests
2020-11-15 20:30:15.167  INFO 1050 --- [extShutdownHook] o.s.s.concurrent.ThreadPoolTaskExecutor  : Shutting down ExecutorService 'applicationTaskExecutor'
[INFO] 
[INFO] Results:
[INFO] 
[INFO] Tests run: 1, Failures: 0, Errors: 0, Skipped: 0
[INFO] 
[INFO] 
[8mha:////4CVulVSEnXDVfNHZMieDS8qoBOm5NQaV0NKTziZsI5tUAAAAYB+LCAAAAAAAAP9b85aBtbiIQSmjNKU4P0+vJLE4u1gvPjexLDVPzxdEGvvmZ+X75ZekLlOVfvTjc8FPJgaGiiIGKaiG5Py84vycVD1nCA1SyAABjCCFBQCV27OjYAAAAA==[0m[INFO] --- maven-jar-plugin:3.1.2:jar (default-jar) @ panda ---
[INFO] Building jar: /var/jenkins_home/workspace/CI/target/panda-0.0.1.jar
[INFO] 
[8mha:////4CVulVSEnXDVfNHZMieDS8qoBOm5NQaV0NKTziZsI5tUAAAAYB+LCAAAAAAAAP9b85aBtbiIQSmjNKU4P0+vJLE4u1gvPjexLDVPzxdEGvvmZ+X75ZekLlOVfvTjc8FPJgaGiiIGKaiG5Py84vycVD1nCA1SyAABjCCFBQCV27OjYAAAAA==[0m[INFO] --- spring-boot-maven-plugin:2.2.4.RELEASE:repackage (repackage) @ panda ---
[INFO] Replacing main artifact with repackaged archive
[INFO] 
[8mha:////4CVulVSEnXDVfNHZMieDS8qoBOm5NQaV0NKTziZsI5tUAAAAYB+LCAAAAAAAAP9b85aBtbiIQSmjNKU4P0+vJLE4u1gvPjexLDVPzxdEGvvmZ+X75ZekLlOVfvTjc8FPJgaGiiIGKaiG5Py84vycVD1nCA1SyAABjCCFBQCV27OjYAAAAA==[0m[INFO] --- maven-install-plugin:2.5.2:install (default-install) @ panda ---
[INFO] Installing /var/jenkins_home/workspace/CI/target/panda-0.0.1.jar to /var/jenkins_home/.m2/repository/pl/pandait/panda/0.0.1/panda-0.0.1.jar
[INFO] Installing /var/jenkins_home/workspace/CI/pom.xml to /var/jenkins_home/.m2/repository/pl/pandait/panda/0.0.1/panda-0.0.1.pom
[INFO] 
[8mha:////4CVulVSEnXDVfNHZMieDS8qoBOm5NQaV0NKTziZsI5tUAAAAYB+LCAAAAAAAAP9b85aBtbiIQSmjNKU4P0+vJLE4u1gvPjexLDVPzxdEGvvmZ+X75ZekLlOVfvTjc8FPJgaGiiIGKaiG5Py84vycVD1nCA1SyAABjCCFBQCV27OjYAAAAA==[0m[INFO] --- maven-deploy-plugin:2.8.2:deploy (default-deploy) @ panda ---
Uploading to artifactory: http://192.168.44.44:8081/artifactory/libs-release-local/pl/pandait/panda/0.0.1/panda-0.0.1.jar
Progress (1): 0.2/19 MBProgress (1): 0.4/19 MBProgress (1): 0.6/19 MBProgress (1): 0.8/19 MBProgress (1): 0.9/19 MBProgress (1): 1.1/19 MBProgress (1): 1.3/19 MBProgress (1): 1.5/19 MBProgress (1): 1.7/19 MBProgress (1): 1.9/19 MBProgress (1): 2.1/19 MBProgress (1): 2.3/19 MBProgress (1): 2.4/19 MBProgress (1): 2.6/19 MBProgress (1): 2.8/19 MBProgress (1): 3.0/19 MBProgress (1): 3.2/19 MBProgress (1): 3.4/19 MBProgress (1): 3.6/19 MBProgress (1): 3.8/19 MBProgress (1): 4.0/19 MBProgress (1): 4.1/19 MBProgress (1): 4.3/19 MBProgress (1): 4.5/19 MBProgress (1): 4.7/19 MBProgress (1): 4.9/19 MBProgress (1): 5.1/19 MBProgress (1): 5.3/19 MBProgress (1): 5.5/19 MBProgress (1): 5.7/19 MBProgress (1): 5.8/19 MBProgress (1): 6.0/19 MBProgress (1): 6.2/19 MBProgress (1): 6.4/19 MBProgress (1): 6.6/19 MBProgress (1): 6.8/19 MBProgress (1): 7.0/19 MBProgress (1): 7.2/19 MBProgress (1): 7.3/19 MBProgress (1): 7.5/19 MBProgress (1): 7.7/19 MBProgress (1): 7.9/19 MBProgress (1): 8.1/19 MBProgress (1): 8.3/19 MBProgress (1): 8.5/19 MBProgress (1): 8.7/19 MBProgress (1): 8.9/19 MBProgress (1): 9.0/19 MBProgress (1): 9.2/19 MBProgress (1): 9.4/19 MBProgress (1): 9.6/19 MBProgress (1): 9.8/19 MBProgress (1): 10.0/19 MBProgress (1): 10/19 MB  Progress (1): 10/19 MBProgress (1): 11/19 MBProgress (1): 11/19 MBProgress (1): 11/19 MBProgress (1): 11/19 MBProgress (1): 11/19 MBProgress (1): 11/19 MBProgress (1): 12/19 MBProgress (1): 12/19 MBProgress (1): 12/19 MBProgress (1): 12/19 MBProgress (1): 12/19 MBProgress (1): 13/19 MBProgress (1): 13/19 MBProgress (1): 13/19 MBProgress (1): 13/19 MBProgress (1): 13/19 MBProgress (1): 14/19 MBProgress (1): 14/19 MBProgress (1): 14/19 MBProgress (1): 14/19 MB                      Uploading to artifactory: http://192.168.44.44:8081/artifactory/libs-release-local/pl/pandait/panda/0.0.1/panda-0.0.1.pom
Progress (1): 1.9 kB                    [INFO] ------------------------------------------------------------------------
[INFO] BUILD FAILURE
[INFO] ------------------------------------------------------------------------
[INFO] Total time:  13.859 s
[INFO] Finished at: 2020-11-15T20:30:21Z
[INFO] ------------------------------------------------------------------------
[8mha:////4ArZKe3qWzJozoWWwoR0dICuMMPT8gX5LR/7AptdhCNSAAAAYB+LCAAAAAAAAP9b85aBtbiIQSmjNKU4P0+vJLE4u1gvPjexLDVPzxdEuhYV5Rf55ZekOlc7RKnPKH7IxMBQUcQgBdWQnJ9XnJ+TqucMoUEKGSCAEaSwAACsNFCqYAAAAA==[0m[ERROR] Failed to execute goal org.apache.maven.plugins:maven-deploy-plugin:2.8.2:deploy (default-deploy) on project panda: Failed to deploy artifacts: Could not transfer artifact pl.pandait:panda:jar:0.0.1 from/to artifactory (http://192.168.44.44:8081/artifactory/libs-release-local): Transfer failed for http://192.168.44.44:8081/artifactory/libs-release-local/pl/pandait/panda/0.0.1/panda-0.0.1.jar: Broken pipe (Write failed) -> [Help 1]
[8mha:////4ArZKe3qWzJozoWWwoR0dICuMMPT8gX5LR/7AptdhCNSAAAAYB+LCAAAAAAAAP9b85aBtbiIQSmjNKU4P0+vJLE4u1gvPjexLDVPzxdEuhYV5Rf55ZekOlc7RKnPKH7IxMBQUcQgBdWQnJ9XnJ+TqucMoUEKGSCAEaSwAACsNFCqYAAAAA==[0m[ERROR] 
[8mha:////4ArZKe3qWzJozoWWwoR0dICuMMPT8gX5LR/7AptdhCNSAAAAYB+LCAAAAAAAAP9b85aBtbiIQSmjNKU4P0+vJLE4u1gvPjexLDVPzxdEuhYV5Rf55ZekOlc7RKnPKH7IxMBQUcQgBdWQnJ9XnJ+TqucMoUEKGSCAEaSwAACsNFCqYAAAAA==[0m[ERROR] To see the full stack trace of the errors, re-run Maven with the -e switch.
[8mha:////4ArZKe3qWzJozoWWwoR0dICuMMPT8gX5LR/7AptdhCNSAAAAYB+LCAAAAAAAAP9b85aBtbiIQSmjNKU4P0+vJLE4u1gvPjexLDVPzxdEuhYV5Rf55ZekOlc7RKnPKH7IxMBQUcQgBdWQnJ9XnJ+TqucMoUEKGSCAEaSwAACsNFCqYAAAAA==[0m[ERROR] Re-run Maven using the -X switch to enable full debug logging.
[8mha:////4ArZKe3qWzJozoWWwoR0dICuMMPT8gX5LR/7AptdhCNSAAAAYB+LCAAAAAAAAP9b85aBtbiIQSmjNKU4P0+vJLE4u1gvPjexLDVPzxdEuhYV5Rf55ZekOlc7RKnPKH7IxMBQUcQgBdWQnJ9XnJ+TqucMoUEKGSCAEaSwAACsNFCqYAAAAA==[0m[ERROR] 
[8mha:////4ArZKe3qWzJozoWWwoR0dICuMMPT8gX5LR/7AptdhCNSAAAAYB+LCAAAAAAAAP9b85aBtbiIQSmjNKU4P0+vJLE4u1gvPjexLDVPzxdEuhYV5Rf55ZekOlc7RKnPKH7IxMBQUcQgBdWQnJ9XnJ+TqucMoUEKGSCAEaSwAACsNFCqYAAAAA==[0m[ERROR] For more information about the errors and possible solutions, please read the following articles:
[8mha:////4ArZKe3qWzJozoWWwoR0dICuMMPT8gX5LR/7AptdhCNSAAAAYB+LCAAAAAAAAP9b85aBtbiIQSmjNKU4P0+vJLE4u1gvPjexLDVPzxdEuhYV5Rf55ZekOlc7RKnPKH7IxMBQUcQgBdWQnJ9XnJ+TqucMoUEKGSCAEaSwAACsNFCqYAAAAA==[0m[ERROR] [Help 1] http://cwiki.apache.org/confluence/display/MAVEN/MojoExecutionException
Build step 'Invoke top-level Maven targets' marked build as failure
Finished: FAILURE
